-----BEGIN PRIVATE KEY-----
MIIEvgIBADANBgkqhkiG9w0BAQEFAASCBKgwggSkAgEAAoIBAQDt6qWVuSfe9DQG
VOrdnSSyJFhiS+0kSaOoT2jDg5DtKqK4Y+25GroJ07i94Zw5XGzFwMBv48p7EzfY
FCGiKUnZCTSA8HZV/Jqn2aEy6LjFSNGPDYHPYwsYFWCbXtaO/Azi2vewQ2aOet43
CCThP7etOHb+cEC3aeLqVeNhyzKw8UnHWZVuk10Cm72Pn0RbqhzLHCb4TecKZfMl
koVTHxkj3Aal7DPKEm1HkibWIoEhb5Y4wBcnNkg9qs/jwqNmK0cbD3let6Gghymi
47Jevv+3sY5ZLqWdAVJYhyoK/6qy5QmfL8BSrJ784GnsP2u/+Pw3mToTWtOI4iyM
86hLOBq3AgMBAAECggEAPCzdNMFgFEQv5GoV/XeBkI0gzbvmfwchHbD4Dnt4bIQc
JAciWW8pHtMuJtipati1qk7WXXaAACEcPsrYtus6gmqRnQs04wrBEzM4UmgKU9vX
JReFfa7PX4gIp0OVgRS/LaG0hCCIEAGDsuecbFxxWJ6veitqMvnVKvAOUu3SJG5m
IhGJv5zp9UMq630QAnVsfNWAXXkJy001Sf33bfhoRWEm2onoQ5e30nXAe5u3+Wpe
Q+d3HKLQ4QeA+st+UNFdXmE4FY3jslNzp5U8g4EUJg6RWYe3U560/h0gwe+I/hIb
y3jPaQVA48hO349qYZgviC+C+84eRRjlKz/ek7VKAQKBgQD4zFoCTt7OnHFlNBbm
4W7JkRgDJBiw/SgzHLDY5L9KtnJiyy5WAiqk2wUlmt+rLLrjdcLAtBFDhomYGqaZ
wuYMssHi3waU2Seo1P8nh0AySo/x6kEj/QqMPPiFVaDOlD5RarJ3511J7V8yIES7
+DL3/EGOJqHGL+3RzOo1I8s3nQKBgQD0zajn3OJerKJvW+dSnL4PPPNhT9yitee/
rSfURxZR68jVV4R+rzH8KKJ1GjUwkFho53j3f5f11Gfb08oa/fZuDmECYPVa3EQ6
tA58nzFXM0RWn/YkSp6r9rS3AjcnhgQ4Pg4qPoMSM+8jaah+l00qR7ZjGe0JGNgG
q7JRPtctYwKBgQDRyJ1srMw6Mrd6uj1FWHhuBaXVoC4hrpSi5GJJwDd76/LvUpsz
cog6kWL5nmlSkFjVSop4qlyUL3D9jBtGM4x+0IujnKKUB7blKRQsZGLBBRXyya87
hTXLoe17oAQDrAQP6oOpjrCekURfo83RISr45v7vuatWzTseWEZzoEbOEQKBgGKl
kT/Fwa6W8GnhZejjYq8vR3/aN7WVicqykw82iib+1ZIqzyhhnsnW8ggwRGjKceXs
CNHrJ6gXLLbntFSGLEyTHMJhod04T4I8Vm4flDloXkxt7zkWnLP9GTt5+BHELmUf
lIOvZw/pv57Mj+pbO+wis7thkiQNT9f4TkXxBbKzAoGBAOL7o1CXENtqtRdmcGJ+
dD3Pf7PuJ2FyG9VuXHkHj5gLhYgLOaFwxz0dTXlV4xWDlKrrHGvrJl51XuDst4rN
JAiBQ3Syg0kzIm27Hamu2mzsotTQ5pspPM+7HlGLahsFebxm20qiywY/Ispt8TCA
vUXwPbbdwOQBm2EFy/JQZ8Vn
-----END PRIVATE KEY-----
